0 verbose cli /usr/bin/node /usr/bin/npm
1 info using npm@9.2.0
2 info using node@v20.19.2
3 timing npm:load:whichnode Completed in 0ms
4 timing config:load:defaults Completed in 2ms
5 timing config:load:file:/usr/share/nodejs/npm/npmrc Completed in 3ms
6 timing config:load:builtin Completed in 3ms
7 timing config:load:cli Completed in 2ms
8 timing config:load:env Completed in 0ms
9 timing config:load:project Completed in 2ms
10 timing config:load:file:/var/www/.npmrc Completed in 1ms
11 timing config:load:user Completed in 1ms
12 timing config:load:file:/etc/npmrc Completed in 0ms
13 timing config:load:global Completed in 0ms
14 timing config:load:setEnvs Completed in 1ms
15 timing config:load Completed in 11ms
16 timing npm:load:configload Completed in 11ms
17 timing npm:load:mkdirpcache Completed in 1ms
18 timing npm:load:mkdirplogs Completed in 1ms
19 verbose title npm install
20 verbose argv "install"
21 timing npm:load:setTitle Completed in 1ms
22 timing config:load:flatten Completed in 3ms
23 timing npm:load:display Completed in 4ms
24 verbose logfile logs-max:10 dir:/var/www/.npm/_logs/2025-10-19T12_34_03_234Z-
25 verbose logfile /var/www/.npm/_logs/2025-10-19T12_34_03_234Z-debug-0.log
26 timing npm:load:logFile Completed in 16ms
27 timing npm:load:timers Completed in 0ms
28 timing npm:load:configScope Completed in 1ms
29 timing npm:load Completed in 36ms
30 timing config:load:flatten Completed in 1ms
31 timing arborist:ctor Completed in 1ms
32 silly logfile done cleaning log files
33 timing idealTree:init Completed in 257ms
34 timing idealTree:userRequests Completed in 1ms
35 silly idealTree buildDeps
36 timing idealTree:#root Completed in 1ms
37 timing idealTree:buildDeps Completed in 4ms
38 timing idealTree:fixDepFlags Completed in 0ms
39 timing idealTree Completed in 272ms
40 timing arborist:ctor Completed in 0ms
41 timing reify:loadTrees Completed in 538ms
42 timing reify:diffTrees Completed in 34ms
43 silly reify moves {}
44 timing reify:retireShallow Completed in 3ms
45 timing reify:createSparse Completed in 10ms
46 timing reify:loadBundles Completed in 0ms
47 silly audit bulk request {
47 silly audit   '@babel/helper-string-parser': [ '7.27.1' ],
47 silly audit   '@babel/helper-validator-identifier': [ '7.27.1' ],
47 silly audit   '@babel/parser': [ '7.28.3' ],
47 silly audit   '@babel/types': [ '7.28.2' ],
47 silly audit   '@esbuild/darwin-arm64': [ '0.25.9' ],
47 silly audit   '@eslint-community/eslint-utils': [ '4.7.0' ],
47 silly audit   '@eslint-community/regexpp': [ '4.12.1' ],
47 silly audit   '@eslint/config-array': [ '0.21.0' ],
47 silly audit   'brace-expansion': [ '1.1.12', '2.0.2' ],
47 silly audit   minimatch: [ '3.1.2', '9.0.5' ],
47 silly audit   '@eslint/config-helpers': [ '0.3.1' ],
47 silly audit   '@eslint/core': [ '0.15.2' ],
47 silly audit   '@eslint/eslintrc': [ '3.3.1' ],
47 silly audit   '@eslint/js': [ '9.33.0' ],
47 silly audit   '@eslint/object-schema': [ '2.1.6' ],
47 silly audit   '@eslint/plugin-kit': [ '0.3.5' ],
47 silly audit   '@floating-ui/core': [ '1.7.3' ],
47 silly audit   '@floating-ui/dom': [ '1.7.3' ],
47 silly audit   '@floating-ui/utils': [ '0.2.10' ],
47 silly audit   '@floating-ui/vue': [ '1.1.8' ],
47 silly audit   'vue-demi': [ '0.14.10' ],
47 silly audit   '@humanfs/core': [ '0.19.1' ],
47 silly audit   '@humanfs/node': [ '0.16.6' ],
47 silly audit   '@humanwhocodes/retry': [ '0.3.1', '0.4.3' ],
47 silly audit   '@humanwhocodes/module-importer': [ '1.0.1' ],
47 silly audit   '@inertiajs/core': [ '2.1.2' ],
47 silly audit   '@inertiajs/vue3': [ '2.1.2' ],
47 silly audit   '@internationalized/date': [ '3.8.2' ],
47 silly audit   '@internationalized/number': [ '3.6.4' ],
47 silly audit   '@isaacs/fs-minipass': [ '4.0.1' ],
47 silly audit   '@jridgewell/gen-mapping': [ '0.3.13' ],
47 silly audit   '@jridgewell/remapping': [ '2.3.5' ],
47 silly audit   '@jridgewell/resolve-uri': [ '3.1.2' ],
47 silly audit   '@jridgewell/sourcemap-codec': [ '1.5.5' ],
47 silly audit   '@jridgewell/trace-mapping': [ '0.3.30' ],
47 silly audit   '@laravel/vite-plugin-wayfinder': [ '0.1.3' ],
47 silly audit   '@nodelib/fs.scandir': [ '2.1.5' ],
47 silly audit   '@nodelib/fs.stat': [ '2.0.5' ],
47 silly audit   '@nodelib/fs.walk': [ '1.2.8' ],
47 silly audit   '@rolldown/pluginutils': [ '1.0.0-beta.29' ],
47 silly audit   '@rollup/rollup-android-arm-eabi': [ '4.46.3' ],
47 silly audit   '@rollup/rollup-android-arm64': [ '4.46.3' ],
47 silly audit   '@rollup/rollup-darwin-arm64': [ '4.46.3' ],
47 silly audit   '@rollup/rollup-darwin-x64': [ '4.46.3' ],
47 silly audit   '@rollup/rollup-freebsd-arm64': [ '4.46.3' ],
47 silly audit   '@rollup/rollup-freebsd-x64': [ '4.46.3' ],
47 silly audit   '@rollup/rollup-linux-arm-gnueabihf': [ '4.46.3' ],
47 silly audit   '@rollup/rollup-linux-arm-musleabihf': [ '4.46.3' ],
47 silly audit   '@rollup/rollup-linux-arm64-gnu': [ '4.46.3' ],
47 silly audit   '@rollup/rollup-linux-arm64-musl': [ '4.46.3' ],
47 silly audit   '@rollup/rollup-linux-loongarch64-gnu': [ '4.46.3' ],
47 silly audit   '@rollup/rollup-linux-ppc64-gnu': [ '4.46.3' ],
47 silly audit   '@rollup/rollup-linux-riscv64-gnu': [ '4.46.3' ],
47 silly audit   '@rollup/rollup-linux-riscv64-musl': [ '4.46.3' ],
47 silly audit   '@rollup/rollup-linux-s390x-gnu': [ '4.46.3' ],
47 silly audit   '@rollup/rollup-linux-x64-gnu': [ '4.9.5', '4.46.3' ],
47 silly audit   '@rollup/rollup-linux-x64-musl': [ '4.46.3' ],
47 silly audit   '@rollup/rollup-win32-arm64-msvc': [ '4.46.3' ],
47 silly audit   '@rollup/rollup-win32-ia32-msvc': [ '4.46.3' ],
47 silly audit   '@rollup/rollup-win32-x64-msvc': [ '4.46.3' ],
47 silly audit   '@swc/helpers': [ '0.5.17' ],
47 silly audit   '@tailwindcss/node': [ '4.1.12' ],
47 silly audit   '@tailwindcss/oxide': [ '4.1.12' ],
47 silly audit   '@tailwindcss/oxide-darwin-arm64': [ '4.1.12' ],
47 silly audit   '@tailwindcss/oxide-linux-x64-gnu': [ '4.1.12' ],
47 silly audit   '@tailwindcss/vite': [ '4.1.12' ],
47 silly audit   '@tanstack/virtual-core': [ '3.13.12' ],
47 silly audit   '@tanstack/vue-virtual': [ '3.13.12' ],
47 silly audit   '@types/estree': [ '1.0.8' ],
47 silly audit   '@types/json-schema': [ '7.0.15' ],
47 silly audit   '@types/node': [ '22.17.2' ],
47 silly audit   '@types/web-bluetooth': [ '0.0.21' ],
47 silly audit   '@typescript-eslint/eslint-plugin': [ '8.39.1' ],
47 silly audit   ignore: [ '7.0.5', '5.3.2' ],
47 silly audit   '@typescript-eslint/parser': [ '8.39.1' ],
47 silly audit   '@typescript-eslint/project-service': [ '8.39.1' ],
47 silly audit   '@typescript-eslint/scope-manager': [ '8.39.1' ],
47 silly audit   '@typescript-eslint/tsconfig-utils': [ '8.39.1' ],
47 silly audit   '@typescript-eslint/type-utils': [ '8.39.1' ],
47 silly audit   '@typescript-eslint/types': [ '8.39.1' ],
47 silly audit   '@typescript-eslint/typescript-estree': [ '8.39.1' ],
47 silly audit   '@typescript-eslint/utils': [ '8.39.1' ],
47 silly audit   '@typescript-eslint/visitor-keys': [ '8.39.1' ],
47 silly audit   'eslint-visitor-keys': [ '4.2.1', '3.4.3' ],
47 silly audit   '@vitejs/plugin-vue': [ '6.0.1' ],
47 silly audit   '@volar/language-core': [ '2.4.15' ],
47 silly audit   '@volar/source-map': [ '2.4.15' ],
47 silly audit   '@volar/typescript': [ '2.4.15' ],
47 silly audit   '@vue/compiler-core': [ '3.5.18' ],
47 silly audit   '@vue/compiler-dom': [ '3.5.18' ],
47 silly audit   '@vue/compiler-sfc': [ '3.5.18' ],
47 silly audit   '@vue/compiler-ssr': [ '3.5.18' ],
47 silly audit   '@vue/compiler-vue2': [ '2.7.16' ],
47 silly audit   '@vue/eslint-config-typescript': [ '14.6.0' ],
47 silly audit   '@vue/language-core': [ '2.2.12' ],
47 silly audit   '@vue/reactivity': [ '3.5.18' ],
47 silly audit   '@vue/runtime-core': [ '3.5.18' ],
47 silly audit   '@vue/runtime-dom': [ '3.5.18' ],
47 silly audit   '@vue/server-renderer': [ '3.5.18' ],
47 silly audit   '@vue/shared': [ '3.5.18' ],
47 silly audit   '@vueuse/core': [ '12.8.2' ],
47 silly audit   '@vueuse/metadata': [ '12.8.2' ],
47 silly audit   '@vueuse/shared': [ '12.8.2' ],
47 silly audit   acorn: [ '8.15.0' ],
47 silly audit   'acorn-jsx': [ '5.3.2' ],
47 silly audit   ajv: [ '6.12.6' ],
47 silly audit   'alien-signals': [ '1.0.13' ],
47 silly audit   'ansi-regex': [ '5.0.1' ],
47 silly audit   'ansi-styles': [ '4.3.0' ],
47 silly audit   argparse: [ '2.0.1' ],
47 silly audit   'aria-hidden': [ '1.2.6' ],
47 silly audit   asynckit: [ '0.4.0' ],
47 silly audit   axios: [ '1.12.2' ],
47 silly audit   'balanced-match': [ '1.0.2' ],
47 silly audit   boolbase: [ '1.0.0' ],
47 silly audit   braces: [ '3.0.3' ],
47 silly audit   'call-bind-apply-helpers': [ '1.0.2' ],
47 silly audit   'call-bound': [ '1.0.4' ],
47 silly audit   callsites: [ '3.1.0' ],
47 silly audit   chalk: [ '4.1.2' ],
47 silly audit   'supports-color': [ '7.2.0', '8.1.1' ],
47 silly audit   chownr: [ '3.0.0' ],
47 silly audit   'class-variance-authority': [ '0.7.1' ],
47 silly audit   cliui: [ '8.0.1' ],
47 silly audit   clsx: [ '2.1.1' ],
47 silly audit   'color-convert': [ '2.0.1' ],
47 silly audit   'color-name': [ '1.1.4' ],
47 silly audit   'combined-stream': [ '1.0.8' ],
47 silly audit   'concat-map': [ '0.0.1' ],
47 silly audit   concurrently: [ '9.2.0' ],
47 silly audit   'cross-spawn': [ '7.0.6' ],
47 silly audit   cssesc: [ '3.0.0' ],
47 silly audit   csstype: [ '3.1.3' ],
47 silly audit   'de-indent': [ '1.0.2' ],
47 silly audit   debug: [ '4.4.1' ],
47 silly audit   'deep-is': [ '0.1.4' ],
47 silly audit   defu: [ '6.1.4' ],
47 silly audit   'delayed-stream': [ '1.0.0' ],
47 silly audit   'detect-libc': [ '2.0.4' ],
47 silly audit   'dunder-proto': [ '1.0.1' ],
47 silly audit   'emoji-regex': [ '8.0.0' ],
47 silly audit   'enhanced-resolve': [ '5.18.3' ],
47 silly audit   entities: [ '4.5.0' ],
47 silly audit   'es-define-property': [ '1.0.1' ],
47 silly audit   'es-errors': [ '1.3.0' ],
47 silly audit   'es-object-atoms': [ '1.1.1' ],
47 silly audit   'es-set-tostringtag': [ '2.1.0' ],
47 silly audit   'es-toolkit': [ '1.39.10' ],
47 silly audit   esbuild: [ '0.25.9' ],
47 silly audit   escalade: [ '3.2.0' ],
47 silly audit   'escape-string-regexp': [ '4.0.0' ],
47 silly audit   eslint: [ '9.33.0' ],
47 silly audit   'eslint-config-prettier': [ '10.1.8' ],
47 silly audit   'eslint-plugin-vue': [ '9.33.0' ],
47 silly audit   'eslint-scope': [ '7.2.2', '8.4.0' ],
47 silly audit   espree: [ '9.6.1', '10.4.0' ],
47 silly audit   globals: [ '13.24.0', '14.0.0' ],
47 silly audit   'vue-eslint-parser': [ '9.4.3', '10.2.0' ],
47 silly audit   esquery: [ '1.6.0' ],
47 silly audit   esrecurse: [ '4.3.0' ],
47 silly audit   estraverse: [ '5.3.0' ],
47 silly audit   'estree-walker': [ '2.0.2' ],
47 silly audit   esutils: [ '2.0.3' ],
47 silly audit   'fast-deep-equal': [ '3.1.3' ],
47 silly audit   'fast-glob': [ '3.3.3' ],
47 silly audit   'glob-parent': [ '5.1.2', '6.0.2' ],
47 silly audit   'fast-json-stable-stringify': [ '2.1.0' ],
47 silly audit   'fast-levenshtein': [ '2.0.6' ],
47 silly audit   fastq: [ '1.19.1' ],
47 silly audit   'file-entry-cache': [ '8.0.0' ],
47 silly audit   'fill-range': [ '7.1.1' ],
47 silly audit   'find-up': [ '5.0.0' ],
47 silly audit   'flat-cache': [ '4.0.1' ],
47 silly audit   flatted: [ '3.3.3' ],
47 silly audit   'follow-redirects': [ '1.15.11' ],
47 silly audit   'form-data': [ '4.0.4' ],
47 silly audit   fsevents: [ '2.3.3' ],
47 silly audit   'function-bind': [ '1.1.2' ],
47 silly audit   'get-caller-file': [ '2.0.5' ],
47 silly audit   'get-intrinsic': [ '1.3.0' ],
47 silly audit   'get-proto': [ '1.0.1' ],
47 silly audit   gopd: [ '1.2.0' ],
47 silly audit   'graceful-fs': [ '4.2.11' ],
47 silly audit   graphemer: [ '1.4.0' ],
47 silly audit   'has-flag': [ '4.0.0' ],
47 silly audit   'has-symbols': [ '1.1.0' ],
47 silly audit   'has-tostringtag': [ '1.0.2' ],
47 silly audit   hasown: [ '2.0.2' ],
47 silly audit   he: [ '1.2.0' ],
47 silly audit   'import-fresh': [ '3.3.1' ],
47 silly audit   imurmurhash: [ '0.1.4' ],
47 silly audit   'is-extglob': [ '2.1.1' ],
47 silly audit   'is-fullwidth-code-point': [ '3.0.0' ],
47 silly audit   'is-glob': [ '4.0.3' ],
47 silly audit   'is-number': [ '7.0.0' ],
47 silly audit   isexe: [ '2.0.0' ],
47 silly audit   'jalaali-js': [ '1.2.8' ],
47 silly audit   jiti: [ '2.5.1' ],
47 silly audit   'js-yaml': [ '4.1.0' ],
47 silly audit   'json-buffer': [ '3.0.1' ],
47 silly audit   'json-schema-traverse': [ '0.4.1' ],
47 silly audit   'json-stable-stringify-without-jsonify': [ '1.0.1' ],
47 silly audit   keyv: [ '4.5.4' ],
47 silly audit   'laravel-vite-plugin': [ '2.0.0' ],
47 silly audit   levn: [ '0.4.1' ],
47 silly audit   lightningcss: [ '1.30.1' ],
47 silly audit   'lightningcss-darwin-arm64': [ '1.30.1' ],
47 silly audit   'lightningcss-linux-x64-gnu': [ '1.30.1' ],
47 silly audit   'locate-path': [ '6.0.0' ],
47 silly audit   lodash: [ '4.17.21' ],
47 silly audit   'lodash.merge': [ '4.6.2' ],
47 silly audit   'lucide-vue-next': [ '0.468.0' ],
47 silly audit   'magic-string': [ '0.30.17' ],
47 silly audit   'math-intrinsics': [ '1.1.0' ],
47 silly audit   merge2: [ '1.4.1' ],
47 silly audit   micromatch: [ '4.0.8' ],
47 silly audit   'mime-db': [ '1.52.0' ],
47 silly audit   'mime-types': [ '2.1.35' ],
47 silly audit   minipass: [ '7.1.2' ],
47 silly audit   minizlib: [ '3.0.2' ],
47 silly audit   mkdirp: [ '3.0.1' ],
47 silly audit   ms: [ '2.1.3' ],
47 silly audit   'muggle-string': [ '0.4.1' ],
47 silly audit   nanoid: [ '3.3.11' ],
47 silly audit   'natural-compare': [ '1.4.0' ],
47 silly audit   'nth-check': [ '2.1.1' ],
47 silly audit   'object-inspect': [ '1.13.4' ],
47 silly audit   ohash: [ '2.0.11' ],
47 silly audit   optionator: [ '0.9.4' ],
47 silly audit   'p-limit': [ '3.1.0' ],
47 silly audit   'p-locate': [ '5.0.0' ],
47 silly audit   'parent-module': [ '1.0.1' ],
47 silly audit   'path-browserify': [ '1.0.1' ],
47 silly audit   'path-exists': [ '4.0.0' ],
47 silly audit   'path-key': [ '3.1.1' ],
47 silly audit   picocolors: [ '1.1.1' ],
47 silly audit   picomatch: [ '2.3.1', '4.0.3' ],
47 silly audit   postcss: [ '8.5.6' ],
47 silly audit   'postcss-selector-parser': [ '6.1.2' ],
47 silly audit   'prelude-ls': [ '1.2.1' ],
47 silly audit   prettier: [ '3.6.2' ],
47 silly audit   'prettier-plugin-organize-imports': [ '4.2.0' ],
47 silly audit   'prettier-plugin-tailwindcss': [ '0.6.14' ],
47 silly audit   'proxy-from-env': [ '1.1.0' ],
47 silly audit   punycode: [ '2.3.1' ],
47 silly audit   qs: [ '6.14.0' ],
47 silly audit   'queue-microtask': [ '1.2.3' ],
47 silly audit   'reka-ui': [ '2.4.1' ],
47 silly audit   'require-directory': [ '2.1.1' ],
47 silly audit   'resolve-from': [ '4.0.0' ],
47 silly audit   reusify: [ '1.1.0' ],
47 silly audit   rollup: [ '4.46.3' ],
47 silly audit   'run-parallel': [ '1.2.0' ],
47 silly audit   rxjs: [ '7.8.2' ],
47 silly audit   semver: [ '7.7.2' ],
47 silly audit   'shebang-command': [ '2.0.0' ],
47 silly audit   'shebang-regex': [ '3.0.0' ],
47 silly audit   'shell-quote': [ '1.8.3' ],
47 silly audit   'side-channel': [ '1.1.0' ],
47 silly audit   'side-channel-list': [ '1.0.0' ],
47 silly audit   'side-channel-map': [ '1.0.1' ],
47 silly audit   'side-channel-weakmap': [ '1.0.2' ],
47 silly audit   'source-map-js': [ '1.2.1' ],
47 silly audit   'string-width': [ '4.2.3' ],
47 silly audit   'strip-ansi': [ '6.0.1' ],
47 silly audit   'strip-json-comments': [ '3.1.1' ],
47 silly audit   'tailwind-merge': [ '3.3.1' ],
47 silly audit   tailwindcss: [ '4.1.12' ],
47 silly audit   'tailwindcss-rtl': [ '0.9.0' ],
47 silly audit   tapable: [ '2.2.2' ],
47 silly audit   tar: [ '7.4.3' ],
47 silly audit   tinyglobby: [ '0.2.15' ],
47 silly audit   fdir: [ '6.5.0' ],
47 silly audit   'to-regex-range': [ '5.0.1' ],
47 silly audit   'tree-kill': [ '1.2.2' ],
47 silly audit   'ts-api-utils': [ '2.1.0' ],
47 silly audit   tslib: [ '2.8.1' ],
47 silly audit   'tw-animate-css': [ '1.3.7' ],
47 silly audit   'type-check': [ '0.4.0' ],
47 silly audit   'type-fest': [ '0.20.2' ],
47 silly audit   typescript: [ '5.9.2' ],
47 silly audit   'typescript-eslint': [ '8.39.1' ],
47 silly audit   'undici-types': [ '6.21.0' ],
47 silly audit   'uri-js': [ '4.4.1' ],
47 silly audit   'util-deprecate': [ '1.0.2' ],
47 silly audit   vite: [ '7.1.5' ],
47 silly audit   'vite-plugin-full-reload': [ '1.2.0' ],
47 silly audit   'vscode-uri': [ '3.1.0' ],
47 silly audit   vue: [ '3.5.18' ],
47 silly audit   'vue-tsc': [ '2.2.12' ],
47 silly audit   which: [ '2.0.2' ],
47 silly audit   'word-wrap': [ '1.2.5' ],
47 silly audit   'wrap-ansi': [ '7.0.0' ],
47 silly audit   'xml-name-validator': [ '4.0.0' ],
47 silly audit   y18n: [ '5.0.8' ],
47 silly audit   yallist: [ '5.0.0' ],
47 silly audit   yargs: [ '17.7.2' ],
47 silly audit   'yargs-parser': [ '21.1.1' ],
47 silly audit   'yocto-queue': [ '0.1.0' ]
47 silly audit }
48 verbose reify failed optional dependency /var/www/node_modules/lightningcss-darwin-arm64
49 silly reify mark deleted [ '/var/www/node_modules/lightningcss-darwin-arm64' ]
50 verbose reify failed optional dependency /var/www/node_modules/fsevents
51 silly reify mark deleted [ '/var/www/node_modules/fsevents' ]
52 verbose reify failed optional dependency /var/www/node_modules/@tailwindcss/oxide-darwin-arm64
53 silly reify mark deleted [ '/var/www/node_modules/@tailwindcss/oxide-darwin-arm64' ]
54 verbose reify failed optional dependency /var/www/node_modules/@rollup/rollup-win32-x64-msvc
55 silly reify mark deleted [ '/var/www/node_modules/@rollup/rollup-win32-x64-msvc' ]
56 verbose reify failed optional dependency /var/www/node_modules/@rollup/rollup-win32-ia32-msvc
57 silly reify mark deleted [ '/var/www/node_modules/@rollup/rollup-win32-ia32-msvc' ]
58 verbose reify failed optional dependency /var/www/node_modules/@rollup/rollup-win32-arm64-msvc
59 silly reify mark deleted [ '/var/www/node_modules/@rollup/rollup-win32-arm64-msvc' ]
60 verbose reify failed optional dependency /var/www/node_modules/@rollup/rollup-linux-s390x-gnu
61 silly reify mark deleted [ '/var/www/node_modules/@rollup/rollup-linux-s390x-gnu' ]
62 verbose reify failed optional dependency /var/www/node_modules/@rollup/rollup-linux-riscv64-musl
63 silly reify mark deleted [ '/var/www/node_modules/@rollup/rollup-linux-riscv64-musl' ]
64 verbose reify failed optional dependency /var/www/node_modules/@rollup/rollup-linux-riscv64-gnu
65 silly reify mark deleted [ '/var/www/node_modules/@rollup/rollup-linux-riscv64-gnu' ]
66 verbose reify failed optional dependency /var/www/node_modules/@rollup/rollup-linux-ppc64-gnu
67 silly reify mark deleted [ '/var/www/node_modules/@rollup/rollup-linux-ppc64-gnu' ]
68 verbose reify failed optional dependency /var/www/node_modules/@rollup/rollup-linux-loongarch64-gnu
69 silly reify mark deleted [ '/var/www/node_modules/@rollup/rollup-linux-loongarch64-gnu' ]
70 verbose reify failed optional dependency /var/www/node_modules/@rollup/rollup-linux-arm64-musl
71 silly reify mark deleted [ '/var/www/node_modules/@rollup/rollup-linux-arm64-musl' ]
72 verbose reify failed optional dependency /var/www/node_modules/@rollup/rollup-linux-arm64-gnu
73 silly reify mark deleted [ '/var/www/node_modules/@rollup/rollup-linux-arm64-gnu' ]
74 verbose reify failed optional dependency /var/www/node_modules/@rollup/rollup-linux-arm-musleabihf
75 silly reify mark deleted [ '/var/www/node_modules/@rollup/rollup-linux-arm-musleabihf' ]
76 verbose reify failed optional dependency /var/www/node_modules/@rollup/rollup-linux-arm-gnueabihf
77 silly reify mark deleted [ '/var/www/node_modules/@rollup/rollup-linux-arm-gnueabihf' ]
78 verbose reify failed optional dependency /var/www/node_modules/@rollup/rollup-freebsd-x64
79 silly reify mark deleted [ '/var/www/node_modules/@rollup/rollup-freebsd-x64' ]
80 verbose reify failed optional dependency /var/www/node_modules/@rollup/rollup-freebsd-arm64
81 silly reify mark deleted [ '/var/www/node_modules/@rollup/rollup-freebsd-arm64' ]
82 verbose reify failed optional dependency /var/www/node_modules/@rollup/rollup-darwin-x64
83 silly reify mark deleted [ '/var/www/node_modules/@rollup/rollup-darwin-x64' ]
84 verbose reify failed optional dependency /var/www/node_modules/@rollup/rollup-darwin-arm64
85 silly reify mark deleted [ '/var/www/node_modules/@rollup/rollup-darwin-arm64' ]
86 verbose reify failed optional dependency /var/www/node_modules/@rollup/rollup-android-arm64
87 silly reify mark deleted [ '/var/www/node_modules/@rollup/rollup-android-arm64' ]
88 verbose reify failed optional dependency /var/www/node_modules/@rollup/rollup-android-arm-eabi
89 silly reify mark deleted [ '/var/www/node_modules/@rollup/rollup-android-arm-eabi' ]
90 verbose reify failed optional dependency /var/www/node_modules/@esbuild/darwin-arm64
91 silly reify mark deleted [ '/var/www/node_modules/@esbuild/darwin-arm64' ]
92 timing reifyNode:node_modules/lightningcss-darwin-arm64 Completed in 81ms
93 timing reifyNode:node_modules/fsevents Completed in 81ms
94 timing reifyNode:node_modules/@tailwindcss/oxide-darwin-arm64 Completed in 81ms
95 timing reifyNode:node_modules/@rollup/rollup-win32-x64-msvc Completed in 81ms
96 timing reifyNode:node_modules/@rollup/rollup-win32-ia32-msvc Completed in 81ms
97 timing reifyNode:node_modules/@rollup/rollup-win32-arm64-msvc Completed in 81ms
98 timing reifyNode:node_modules/@rollup/rollup-linux-s390x-gnu Completed in 82ms
99 timing reifyNode:node_modules/@rollup/rollup-linux-riscv64-musl Completed in 82ms
100 timing reifyNode:node_modules/@rollup/rollup-linux-riscv64-gnu Completed in 81ms
101 timing reifyNode:node_modules/@rollup/rollup-linux-ppc64-gnu Completed in 81ms
102 timing reifyNode:node_modules/@rollup/rollup-linux-loongarch64-gnu Completed in 82ms
103 timing reifyNode:node_modules/@rollup/rollup-linux-arm64-musl Completed in 82ms
104 timing reifyNode:node_modules/@rollup/rollup-linux-arm64-gnu Completed in 82ms
105 timing reifyNode:node_modules/@rollup/rollup-linux-arm-musleabihf Completed in 82ms
106 timing reifyNode:node_modules/@rollup/rollup-linux-arm-gnueabihf Completed in 82ms
107 timing reifyNode:node_modules/@rollup/rollup-freebsd-x64 Completed in 83ms
108 timing reifyNode:node_modules/@rollup/rollup-freebsd-arm64 Completed in 83ms
109 timing reifyNode:node_modules/@rollup/rollup-darwin-x64 Completed in 83ms
110 timing reifyNode:node_modules/@rollup/rollup-darwin-arm64 Completed in 83ms
111 timing reifyNode:node_modules/@rollup/rollup-android-arm64 Completed in 84ms
112 timing reifyNode:node_modules/@rollup/rollup-android-arm-eabi Completed in 84ms
113 timing reifyNode:node_modules/@esbuild/darwin-arm64 Completed in 84ms
114 timing reify:unpack Completed in 86ms
115 timing reify:unretire Completed in 0ms
116 timing build:queue Completed in 7ms
117 timing build:deps Completed in 8ms
118 timing build Completed in 8ms
119 timing reify:build Completed in 9ms
120 timing reify:trash Completed in 7ms
121 timing reify:save Completed in 124ms
122 http fetch POST 200 https://registry.npmjs.org/-/npm/v1/security/advisories/bulk 1995ms
123 timing auditReport:getReport Completed in 2011ms
124 silly audit report {}
125 timing auditReport:init Completed in 0ms
126 timing reify:audit Completed in 2014ms
127 timing reify Completed in 2612ms
128 silly ADD
129 silly ADD
130 silly ADD
131 silly ADD
132 silly ADD
133 silly ADD
134 silly ADD
135 silly ADD
136 silly ADD
137 silly ADD
138 silly ADD
139 silly ADD
140 silly ADD
141 silly ADD
142 silly ADD
143 silly ADD
144 silly ADD
145 silly ADD
146 silly ADD
147 silly ADD
148 silly ADD
149 silly ADD
150 timing command:install Completed in 2639ms
151 verbose exit 0
152 timing npm Completed in 2694ms
153 info ok
